<?xml version="1.0" encoding="UTF-8"?>
<!-- Generated by org.testng.reporters.JUnitReportReporter -->
<testsuite hostname="IN-C38Z9K3" failures="0" tests="1" name="HomePageModule.TopDealsActivity" time="2.986" errors="0" timestamp="2023-07-19T22:39:06 IST" skipped="0">
  <testcase classname="HomePageModule.TopDealsActivity" name="topdealspage" time="2.986"/>
  <system-out/>
</testsuite> <!-- HomePageModule.TopDealsActivity -->
