<?xml version="1.0" encoding="UTF-8"?>
<!-- Generated by org.testng.reporters.JUnitReportReporter -->
<testsuite hostname="IN-C38Z9K3" failures="0" tests="1" name="HomePageModule.SearchActivity" time="7.386" errors="0" timestamp="2023-07-19T22:39:06 IST" skipped="0">
  <testcase classname="HomePageModule.SearchActivity" name="search" time="7.386"/>
  <system-out/>
</testsuite> <!-- HomePageModule.SearchActivity -->
