<?xml version="1.0" encoding="UTF-8"?>
<!-- Generated by org.testng.reporters.JUnitReportReporter -->
<testsuite hostname="IN-C38Z9K3" failures="0" tests="1" name="HomePageModule.RegisterActivity" time="9.719" errors="0" timestamp="2023-07-19T20:02:08 IST" skipped="0">
  <testcase classname="HomePageModule.RegisterActivity" name="registerRsAcademy" time="9.719"/>
  <system-out/>
</testsuite> <!-- HomePageModule.RegisterActivity -->
