<?xml version="1.0" encoding="UTF-8"?>
<!-- Generated by org.testng.reporters.JUnitReportReporter -->
<testsuite hostname="IN-C38Z9K3" failures="0" tests="1" name="HomePageModule.SearchActivity" time="6.643" errors="0" timestamp="2023-07-19T22:49:02 IST" skipped="0">
  <testcase classname="HomePageModule.SearchActivity" name="search" time="6.643"/>
  <system-out/>
</testsuite> <!-- HomePageModule.SearchActivity -->
